modules/expo-hello/android/build/intermediates/manifest_merge_blame_file/debug/processDebugManifest/manifest-merger-blame-debug-report.txt
1<?xml version="1.0" encoding="utf-8"?>
2<manifest xmlns:android="http://schemas.android.com/apk/res/android"
3    xmlns:tools="http://schemas.android.com/tools"
4    package="expo.modules.hello" >
5
6    <uses-sdk android:minSdkVersion="24" />
7
8    <!-- Permiso para listar todas las aplicaciones instaladas -->
9    <uses-permission android:name="android.permission.QUERY_ALL_PACKAGES" />
9-->src/main/AndroidManifest.xml:6:5-77
9-->src/main/AndroidManifest.xml:6:22-74
10
11    <!-- Permiso para obtener el lastUsedTime -->
12    <uses-permission
12-->src/main/AndroidManifest.xml:9:5-10:47
13        android:name="android.permission.PACKAGE_USAGE_STATS"
13-->src/main/AndroidManifest.xml:9:22-75
14        tools:ignore="ProtectedPermissions" />
14-->src/main/AndroidManifest.xml:10:9-44
15
16    <application />
16-->src/main/AndroidManifest.xml:12:5-20
17
18</manifest>